<?xml version="1.0" encoding="UTF-8"?>
<!-- Generated by org.testng.reporters.JUnitReportReporter -->
<testsuite hostname="LAPTOP-DLQ7O307" failures="0" tests="1" name="com.testcases.TestNewCustomerPage" time="1.096" errors="0" timestamp="2020-11-02T11:59:55 IST" skipped="0">
  <testcase classname="com.testcases.TestNewCustomerPage" name="entersData" time="1.096"/>
  <system-out/>
</testsuite> <!-- com.testcases.TestNewCustomerPage -->
