<?xml version="1.0" encoding="UTF-8"?>
<!-- Generated by org.testng.reporters.JUnitReportReporter -->
<testsuite hostname="LAPTOP-DLQ7O307" failures="0" tests="1" name="com.testcases.TestHomePage" time="7.942" errors="0" timestamp="2020-11-02T16:07:34 IST" skipped="0">
  <testcase classname="com.testcases.TestHomePage" name="searchFunctionality" time="7.942"/>
  <system-out/>
</testsuite> <!-- com.testcases.TestHomePage -->
