<?xml version="1.0" encoding="UTF-8"?>
<!-- Generated by org.testng.reporters.JUnitReportReporter -->
<testsuite hostname="LAPTOP-DLQ7O307" failures="0" tests="1" name="com.testcases.TestBestSellerPage" time="8.238" errors="0" timestamp="2020-10-30T14:53:05 IST" skipped="0">
  <testcase classname="com.testcases.TestBestSellerPage" name="testVoucher" time="8.238"/>
  <system-out/>
</testsuite> <!-- com.testcases.TestBestSellerPage -->
